TN:
SF:src/libraries/Math.sol
DA:25,1280
FN:25,Math.wadMul
FNDA:1280,Math.wadMul
DA:26,1280
BRDA:26,0,0,768
DA:28,512
BRDA:28,1,0,256
DA:29,256
DA:32,256
DA:39,512
FN:39,Math.wadDiv
FNDA:512,Math.wadDiv
DA:40,512
BRDA:40,2,0,256
DA:42,256
BRDA:42,3,0,0
DA:43,0
DA:46,256
DA:53,1794
FN:53,Math.rayMul
FNDA:1794,Math.rayMul
DA:54,1794
BRDA:54,4,0,1280
DA:56,514
BRDA:56,5,0,256
DA:57,256
DA:60,258
DA:67,512
FN:67,Math.rayDiv
FNDA:512,Math.rayDiv
DA:68,512
BRDA:68,6,0,256
DA:70,256
BRDA:70,7,0,0
DA:71,0
DA:74,256
DA:83,1280
FN:83,Math.percentageMul
FNDA:1280,Math.percentageMul
DA:84,1280
BRDA:84,8,0,768
DA:85,768
DA:88,512
BRDA:88,9,0,256
DA:89,256
DA:92,256
DA:101,512
FN:101,Math.percentageDiv
FNDA:512,Math.percentageDiv
DA:102,512
BRDA:102,10,0,0
DA:103,0
DA:106,512
BRDA:106,11,0,256
DA:107,256
DA:110,256
BRDA:110,12,0,0
DA:111,0
DA:114,256
DA:123,256
FN:123,Math.calculateLinearInterest
FNDA:256,Math.calculateLinearInterest
DA:124,256
DA:127,256
DA:130,256
DA:167,258
FN:167,Math.calculateCompoundedInterest
FNDA:258,Math.calculateCompoundedInterest
DA:168,258
DA:170,258
BRDA:170,13,0,257
DA:171,257
DA:177,1
DA:181,1
FNF:8
FNH:8
LF:44
LH:40
BRF:14
BRH:10
end_of_record
TN:
SF:src/libraries/OracleLib.sol
DA:21,0
FN:21,OracleLib.staleCheckLatestRoundData
FNDA:0,OracleLib.staleCheckLatestRoundData
DA:26,0
DA:27,0
DA:29,0
DA:31,0
BRDA:31,0,0,-
DA:32,0
DA:35,0
DA:38,0
FN:38,OracleLib.getTimeout
FNDA:0,OracleLib.getTimeout
DA:39,0
FNF:2
FNH:0
LF:9
LH:0
BRF:1
BRH:0
end_of_record
